<?xml version="1.0" encoding="UTF-8"?>
<testsuite name="com.example.demo.EdheadsAppTests" tests="1" skipped="0" failures="0" errors="0" timestamp="2022-11-18T19:42:13" hostname="Karins-MBP.lan" time="0.128">
  <properties/>
  <testcase name="contextLoads()" classname="com.example.demo.EdheadsAppTests" time="0.128"/>
  <system-out><![CDATA[14:41:58.052 [Test worker] DEBUG org.springframework.test.context.BootstrapUtils - Instantiating CacheAwareContextLoaderDelegate from class [org.springframework.test.context.cache.DefaultCacheAwareContextLoaderDelegate]
14:41:58.064 [Test worker] DEBUG org.springframework.test.context.BootstrapUtils - Instantiating BootstrapContext using constructor [public org.springframework.test.context.support.DefaultBootstrapContext(java.lang.Class,org.springframework.test.context.CacheAwareContextLoaderDelegate)]
14:41:58.096 [Test worker] DEBUG org.springframework.test.context.BootstrapUtils - Instantiating TestContextBootstrapper for test class [com.example.demo.EdheadsAppTests] from class [org.springframework.boot.test.context.SpringBootTestContextBootstrapper]
14:41:58.106 [Test worker] INFO org.springframework.boot.test.context.SpringBootTestContextBootstrapper - Neither @ContextConfiguration nor @ContextHierarchy found for test class [com.example.demo.EdheadsAppTests], using SpringBootContextLoader
14:41:58.109 [Test worker] DEBUG org.springframework.test.context.support.AbstractContextLoader - Did not detect default resource location for test class [com.example.demo.EdheadsAppTests]: class path resource [com/example/demo/EdheadsAppTests-context.xml] does not exist
14:41:58.109 [Test worker] DEBUG org.springframework.test.context.support.AbstractContextLoader - Did not detect default resource location for test class [com.example.demo.EdheadsAppTests]: class path resource [com/example/demo/EdheadsAppTestsContext.groovy] does not exist
14:41:58.110 [Test worker] INFO org.springframework.test.context.support.AbstractContextLoader - Could not detect default resource locations for test class [com.example.demo.EdheadsAppTests]: no resource found for suffixes {-context.xml, Context.groovy}.
14:41:58.110 [Test worker] INFO org.springframework.test.context.support.AnnotationConfigContextLoaderUtils - Could not detect default configuration classes for test class [com.example.demo.EdheadsAppTests]: EdheadsAppTests does not declare any static, non-private, non-final, nested classes annotated with @Configuration.
14:41:58.142 [Test worker] DEBUG org.springframework.test.context.support.ActiveProfilesUtils - Could not find an 'annotation declaring class' for annotation type [org.springframework.test.context.ActiveProfiles] and class [com.example.demo.EdheadsAppTests]
14:41:58.189 [Test worker] DEBUG org.springframework.context.annotation.ClassPathScanningCandidateComponentProvider - Identified candidate component class: file [/Users/karinsamoviski/code/edheads-live/build/classes/java/main/com/example/demo/EdheadsApp.class]
14:41:58.190 [Test worker] INFO org.springframework.boot.test.context.SpringBootTestContextBootstrapper - Found @SpringBootConfiguration com.example.demo.EdheadsApp for test class com.example.demo.EdheadsAppTests
14:41:58.269 [Test worker] DEBUG org.springframework.boot.test.context.SpringBootTestContextBootstrapper - @TestExecutionListeners is not present for class [com.example.demo.EdheadsAppTests]: using defaults.
14:41:58.269 [Test worker] INFO org.springframework.boot.test.context.SpringBootTestContextBootstrapper - Loaded default TestExecutionListener class names from location [META-INF/spring.factories]: [org.springframework.security.test.context.support.WithSecurityContextTestExecutionListener, org.springframework.security.test.context.support.ReactorContextTestExecutionListener, org.springframework.boot.test.autoconfigure.restdocs.RestDocsTestExecutionListener, org.springframework.boot.test.autoconfigure.web.client.MockRestServiceServerResetTestExecutionListener, org.springframework.boot.test.autoconfigure.web.servlet.MockMvcPrintOnlyOnFailureTestExecutionListener, org.springframework.boot.test.autoconfigure.web.servlet.WebDriverTestExecutionListener, org.springframework.boot.test.autoconfigure.webservices.client.MockWebServiceServerTestExecutionListener, org.springframework.boot.test.mock.mockito.MockitoTestExecutionListener, org.springframework.boot.test.mock.mockito.ResetMocksTestExecutionListener, org.springframework.test.context.web.ServletTestExecutionListener, org.springframework.test.context.support.DirtiesContextBeforeModesTestExecutionListener, org.springframework.test.context.event.ApplicationEventsTestExecutionListener, org.springframework.test.context.support.DependencyInjectionTestExecutionListener, org.springframework.test.context.support.DirtiesContextTestExecutionListener, org.springframework.test.context.transaction.TransactionalTestExecutionListener, org.springframework.test.context.jdbc.SqlScriptsTestExecutionListener, org.springframework.test.context.event.EventPublishingTestExecutionListener]
14:41:58.282 [Test worker] INFO org.springframework.boot.test.context.SpringBootTestContextBootstrapper - Using TestExecutionListeners: [org.springframework.test.context.web.ServletTestExecutionListener@1fdfafd2, org.springframework.test.context.support.DirtiesContextBeforeModesTestExecutionListener@a4b2d8f, org.springframework.test.context.event.ApplicationEventsTestExecutionListener@dcfda20, org.springframework.boot.test.mock.mockito.MockitoTestExecutionListener@6d304f9d, org.springframework.boot.test.autoconfigure.SpringBootDependencyInjectionTestExecutionListener@f73dcd6, org.springframework.test.context.support.DirtiesContextTestExecutionListener@5c87bfe2, org.springframework.test.context.transaction.TransactionalTestExecutionListener@2fea7088, org.springframework.test.context.jdbc.SqlScriptsTestExecutionListener@40499e4f, org.springframework.security.test.context.support.WithSecurityContextTestExecutionListener@51cd7ffc, org.springframework.test.context.event.EventPublishingTestExecutionListener@30d4b288, org.springframework.security.test.context.support.ReactorContextTestExecutionListener@4cc6fa2a, org.springframework.boot.test.autoconfigure.restdocs.RestDocsTestExecutionListener@40f1be1b, org.springframework.boot.test.autoconfigure.web.client.MockRestServiceServerResetTestExecutionListener@7a791b66, org.springframework.boot.test.autoconfigure.web.servlet.MockMvcPrintOnlyOnFailureTestExecutionListener@6f2cb653, org.springframework.boot.test.autoconfigure.web.servlet.WebDriverTestExecutionListener@14c01636, org.springframework.boot.test.autoconfigure.webservices.client.MockWebServiceServerTestExecutionListener@590c73d3, org.springframework.boot.test.mock.mockito.ResetMocksTestExecutionListener@6b9ce1bf]
14:41:58.285 [Test worker] DEBUG org.springframework.test.context.support.AbstractDirtiesContextTestExecutionListener - Before test class: context [DefaultTestContext@41925502 testClass = EdheadsAppTests, testInstance = [null], testMethod = [null], testException = [null], mergedContextConfiguration = [WebMergedContextConfiguration@13e3c1c7 testClass = EdheadsAppTests, locations = '{}', classes = '{class com.example.demo.EdheadsApp}', contextInitializerClasses = '[]', activeProfiles = '{}', propertySourceLocations = '{}', propertySourceProperties = '{org.springframework.boot.test.context.SpringBootTestContextBootstrapper=true}', contextCustomizers = set[org.springframework.boot.test.autoconfigure.actuate.metrics.MetricsExportContextCustomizerFactory$DisableMetricExportContextCustomizer@20ca951f, org.springframework.boot.test.autoconfigure.properties.PropertyMappingContextCustomizer@0, org.springframework.boot.test.autoconfigure.web.servlet.WebDriverContextCustomizerFactory$Customizer@181e731e, org.springframework.boot.test.context.filter.ExcludeFilterContextCustomizer@17d88132, org.springframework.boot.test.json.DuplicateJsonObjectContextCustomizerFactory$DuplicateJsonObjectContextCustomizer@5ef5c734, org.springframework.boot.test.mock.mockito.MockitoContextCustomizer@0, org.springframework.boot.test.web.client.TestRestTemplateContextCustomizer@327bcebd, org.springframework.boot.test.context.SpringBootTestArgs@1, org.springframework.boot.test.context.SpringBootTestWebEnvironment@ed7f8b4], resourceBasePath = 'src/main/webapp', contextLoader = 'org.springframework.boot.test.context.SpringBootContextLoader', parent = [null]], attributes = map['org.springframework.test.context.web.ServletTestExecutionListener.activateListener' -> true]], class annotated with @DirtiesContext [false] with mode [null].
14:41:58.313 [Test worker] DEBUG org.springframework.test.context.support.TestPropertySourceUtils - Adding inlined properties to environment: {spring.jmx.enabled=false, org.springframework.boot.test.context.SpringBootTestContextBootstrapper=true}

  .   ____          _            __ _ _
 /\\ / ___'_ __ _ _(_)_ __  __ _ \ \ \ \
( ( )\___ | '_ | '_| | '_ \/ _` | \ \ \ \
 \\/  ___)| |_)| | | | | || (_| |  ) ) ) )
  '  |____| .__|_| |_|_| |_\__, | / / / /
 =========|_|==============|___/=/_/_/_/
 :: Spring Boot ::                (v2.5.3)

2022-11-18 14:41:58.541  INFO 44914 --- [    Test worker] com.example.demo.EdheadsAppTests         : Starting EdheadsAppTests using Java 17.0.4.1 on Karins-MBP.lan with PID 44914 (started by karinsamoviski in /Users/karinsamoviski/code/edheads-live)
2022-11-18 14:41:58.543  INFO 44914 --- [    Test worker] com.example.demo.EdheadsAppTests         : No active profile set, falling back to default profiles: default
2022-11-18 14:41:59.100  INFO 44914 --- [    Test worker] .s.d.r.c.RepositoryConfigurationDelegate : Bootstrapping Spring Data JPA repositories in DEFAULT mode.
2022-11-18 14:41:59.149  INFO 44914 --- [    Test worker] .s.d.r.c.RepositoryConfigurationDelegate : Finished Spring Data repository scanning in 42 ms. Found 5 JPA repository interfaces.
2022-11-18 14:41:59.662  INFO 44914 --- [    Test worker] o.hibernate.jpa.internal.util.LogHelper  : HHH000204: Processing PersistenceUnitInfo [name: default]
2022-11-18 14:41:59.701  INFO 44914 --- [    Test worker] org.hibernate.Version                    : HHH000412: Hibernate ORM core version 5.4.32.Final
2022-11-18 14:41:59.811  INFO 44914 --- [    Test worker] o.hibernate.annotations.common.Version   : HCANN000001: Hibernate Commons Annotations {5.1.2.Final}
2022-11-18 14:41:59.900  INFO 44914 --- [    Test worker] com.zaxxer.hikari.HikariDataSource       : HikariPool-1 - Starting...
2022-11-18 14:42:11.775  INFO 44914 --- [    Test worker] com.zaxxer.hikari.HikariDataSource       : HikariPool-1 - Start completed.
2022-11-18 14:42:11.788  INFO 44914 --- [    Test worker] org.hibernate.dialect.Dialect            : HHH000400: Using dialect: org.hibernate.dialect.MySQL5Dialect
2022-11-18 14:42:12.434  INFO 44914 --- [    Test worker] o.h.e.t.j.p.i.JtaPlatformInitiator       : HHH000490: Using JtaPlatform implementation: [org.hibernate.engine.transaction.jta.platform.internal.NoJtaPlatform]
2022-11-18 14:42:12.442  INFO 44914 --- [    Test worker] j.LocalContainerEntityManagerFactoryBean : Initialized JPA EntityManagerFactory for persistence unit 'default'
2022-11-18 14:42:12.823  WARN 44914 --- [    Test worker] JpaBaseConfiguration$JpaWebConfiguration : spring.jpa.open-in-view is enabled by default. Therefore, database queries may be performed during view rendering. Explicitly configure spring.jpa.open-in-view to disable this warning
2022-11-18 14:42:12.958  INFO 44914 --- [    Test worker] o.s.s.web.DefaultSecurityFilterChain     : Will secure Ant [pattern='/resources/**'] with []
2022-11-18 14:42:13.033  INFO 44914 --- [    Test worker] o.s.s.web.DefaultSecurityFilterChain     : Will secure any request with [org.springframework.security.web.context.request.async.WebAsyncManagerIntegrationFilter@79aba813, org.springframework.security.web.context.SecurityContextPersistenceFilter@23119bc3, org.springframework.security.web.header.HeaderWriterFilter@6173863f, org.springframework.security.web.csrf.CsrfFilter@76ee7301, org.springframework.security.web.authentication.logout.LogoutFilter@52463255, org.springframework.security.web.authentication.UsernamePasswordAuthenticationFilter@1cf4d454, org.springframework.security.web.authentication.www.BasicAuthenticationFilter@4c8afba, org.springframework.security.web.savedrequest.RequestCacheAwareFilter@66851aa5, org.springframework.security.web.servletapi.SecurityContextHolderAwareRequestFilter@64a4739, org.springframework.security.web.authentication.AnonymousAuthenticationFilter@20a18cc9, org.springframework.security.web.session.SessionManagementFilter@4ebb7bab, org.springframework.security.web.access.ExceptionTranslationFilter@8dc3019, org.springframework.security.web.access.intercept.FilterSecurityInterceptor@33425171]
2022-11-18 14:42:13.637  INFO 44914 --- [    Test worker] com.example.demo.EdheadsAppTests         : Started EdheadsAppTests in 15.319 seconds (JVM running for 16.4)
]]></system-out>
  <system-err><![CDATA[]]></system-err>
</testsuite>
