<?xml version="1.0" encoding="UTF-8"?>
<testsuite name="com.example.demo.EdheadsAppTests" tests="1" skipped="0" failures="0" errors="0" timestamp="2022-04-02T00:49:15" hostname="Karins-MacBook-Pro.local" time="0.175">
  <properties/>
  <testcase name="contextLoads()" classname="com.example.demo.EdheadsAppTests" time="0.175"/>
  <system-out><![CDATA[20:49:10.670 [Test worker] DEBUG org.springframework.test.context.BootstrapUtils - Instantiating CacheAwareContextLoaderDelegate from class [org.springframework.test.context.cache.DefaultCacheAwareContextLoaderDelegate]
20:49:10.680 [Test worker] DEBUG org.springframework.test.context.BootstrapUtils - Instantiating BootstrapContext using constructor [public org.springframework.test.context.support.DefaultBootstrapContext(java.lang.Class,org.springframework.test.context.CacheAwareContextLoaderDelegate)]
20:49:10.718 [Test worker] DEBUG org.springframework.test.context.BootstrapUtils - Instantiating TestContextBootstrapper for test class [com.example.demo.EdheadsAppTests] from class [org.springframework.boot.test.context.SpringBootTestContextBootstrapper]
20:49:10.732 [Test worker] INFO org.springframework.boot.test.context.SpringBootTestContextBootstrapper - Neither @ContextConfiguration nor @ContextHierarchy found for test class [com.example.demo.EdheadsAppTests], using SpringBootContextLoader
20:49:10.735 [Test worker] DEBUG org.springframework.test.context.support.AbstractContextLoader - Did not detect default resource location for test class [com.example.demo.EdheadsAppTests]: class path resource [com/example/demo/EdheadsAppTests-context.xml] does not exist
20:49:10.736 [Test worker] DEBUG org.springframework.test.context.support.AbstractContextLoader - Did not detect default resource location for test class [com.example.demo.EdheadsAppTests]: class path resource [com/example/demo/EdheadsAppTestsContext.groovy] does not exist
20:49:10.736 [Test worker] INFO org.springframework.test.context.support.AbstractContextLoader - Could not detect default resource locations for test class [com.example.demo.EdheadsAppTests]: no resource found for suffixes {-context.xml, Context.groovy}.
20:49:10.737 [Test worker] INFO org.springframework.test.context.support.AnnotationConfigContextLoaderUtils - Could not detect default configuration classes for test class [com.example.demo.EdheadsAppTests]: EdheadsAppTests does not declare any static, non-private, non-final, nested classes annotated with @Configuration.
20:49:10.772 [Test worker] DEBUG org.springframework.test.context.support.ActiveProfilesUtils - Could not find an 'annotation declaring class' for annotation type [org.springframework.test.context.ActiveProfiles] and class [com.example.demo.EdheadsAppTests]
20:49:10.815 [Test worker] DEBUG org.springframework.context.annotation.ClassPathScanningCandidateComponentProvider - Identified candidate component class: file [/Users/karinsamoviski/code/edheads-live/build/classes/java/main/com/example/demo/EdheadsApp.class]
20:49:10.816 [Test worker] INFO org.springframework.boot.test.context.SpringBootTestContextBootstrapper - Found @SpringBootConfiguration com.example.demo.EdheadsApp for test class com.example.demo.EdheadsAppTests
20:49:10.886 [Test worker] DEBUG org.springframework.boot.test.context.SpringBootTestContextBootstrapper - @TestExecutionListeners is not present for class [com.example.demo.EdheadsAppTests]: using defaults.
20:49:10.887 [Test worker] INFO org.springframework.boot.test.context.SpringBootTestContextBootstrapper - Loaded default TestExecutionListener class names from location [META-INF/spring.factories]: [org.springframework.security.test.context.support.WithSecurityContextTestExecutionListener, org.springframework.security.test.context.support.ReactorContextTestExecutionListener, org.springframework.boot.test.autoconfigure.restdocs.RestDocsTestExecutionListener, org.springframework.boot.test.autoconfigure.web.client.MockRestServiceServerResetTestExecutionListener, org.springframework.boot.test.autoconfigure.web.servlet.MockMvcPrintOnlyOnFailureTestExecutionListener, org.springframework.boot.test.autoconfigure.web.servlet.WebDriverTestExecutionListener, org.springframework.boot.test.autoconfigure.webservices.client.MockWebServiceServerTestExecutionListener, org.springframework.boot.test.mock.mockito.MockitoTestExecutionListener, org.springframework.boot.test.mock.mockito.ResetMocksTestExecutionListener, org.springframework.test.context.web.ServletTestExecutionListener, org.springframework.test.context.support.DirtiesContextBeforeModesTestExecutionListener, org.springframework.test.context.event.ApplicationEventsTestExecutionListener, org.springframework.test.context.support.DependencyInjectionTestExecutionListener, org.springframework.test.context.support.DirtiesContextTestExecutionListener, org.springframework.test.context.transaction.TransactionalTestExecutionListener, org.springframework.test.context.jdbc.SqlScriptsTestExecutionListener, org.springframework.test.context.event.EventPublishingTestExecutionListener]
20:49:10.905 [Test worker] INFO org.springframework.boot.test.context.SpringBootTestContextBootstrapper - Using TestExecutionListeners: [org.springframework.test.context.web.ServletTestExecutionListener@45c8d09f, org.springframework.test.context.support.DirtiesContextBeforeModesTestExecutionListener@53812a9b, org.springframework.test.context.event.ApplicationEventsTestExecutionListener@14b030a0, org.springframework.boot.test.mock.mockito.MockitoTestExecutionListener@41e350f1, org.springframework.boot.test.autoconfigure.SpringBootDependencyInjectionTestExecutionListener@422c3c7a, org.springframework.test.context.support.DirtiesContextTestExecutionListener@18230356, org.springframework.test.context.transaction.TransactionalTestExecutionListener@d8305c2, org.springframework.test.context.jdbc.SqlScriptsTestExecutionListener@56bca85b, org.springframework.security.test.context.support.WithSecurityContextTestExecutionListener@75d0911a, org.springframework.test.context.event.EventPublishingTestExecutionListener@75e91545, org.springframework.security.test.context.support.ReactorContextTestExecutionListener@60d1a32f, org.springframework.boot.test.autoconfigure.restdocs.RestDocsTestExecutionListener@531c311e, org.springframework.boot.test.autoconfigure.web.client.MockRestServiceServerResetTestExecutionListener@22b53226, org.springframework.boot.test.autoconfigure.web.servlet.MockMvcPrintOnlyOnFailureTestExecutionListener@1fcb4808, org.springframework.boot.test.autoconfigure.web.servlet.WebDriverTestExecutionListener@726e5805, org.springframework.boot.test.autoconfigure.webservices.client.MockWebServiceServerTestExecutionListener@40c80397, org.springframework.boot.test.mock.mockito.ResetMocksTestExecutionListener@4b672daa]
20:49:10.908 [Test worker] DEBUG org.springframework.test.context.support.AbstractDirtiesContextTestExecutionListener - Before test class: context [DefaultTestContext@12bcd0c0 testClass = EdheadsAppTests, testInstance = [null], testMethod = [null], testException = [null], mergedContextConfiguration = [WebMergedContextConfiguration@4879f0f2 testClass = EdheadsAppTests, locations = '{}', classes = '{class com.example.demo.EdheadsApp}', contextInitializerClasses = '[]', activeProfiles = '{}', propertySourceLocations = '{}', propertySourceProperties = '{org.springframework.boot.test.context.SpringBootTestContextBootstrapper=true}', contextCustomizers = set[org.springframework.boot.test.autoconfigure.actuate.metrics.MetricsExportContextCustomizerFactory$DisableMetricExportContextCustomizer@571c5681, org.springframework.boot.test.autoconfigure.properties.PropertyMappingContextCustomizer@0, org.springframework.boot.test.autoconfigure.web.servlet.WebDriverContextCustomizerFactory$Customizer@41ab013, org.springframework.boot.test.context.filter.ExcludeFilterContextCustomizer@3af0a9da, org.springframework.boot.test.json.DuplicateJsonObjectContextCustomizerFactory$DuplicateJsonObjectContextCustomizer@8e50104, org.springframework.boot.test.mock.mockito.MockitoContextCustomizer@0, org.springframework.boot.test.web.client.TestRestTemplateContextCustomizer@69f1a286, org.springframework.boot.test.context.SpringBootTestArgs@1, org.springframework.boot.test.context.SpringBootTestWebEnvironment@4e50c791], resourceBasePath = 'src/main/webapp', contextLoader = 'org.springframework.boot.test.context.SpringBootContextLoader', parent = [null]], attributes = map['org.springframework.test.context.web.ServletTestExecutionListener.activateListener' -> true]], class annotated with @DirtiesContext [false] with mode [null].
20:49:10.934 [Test worker] DEBUG org.springframework.test.context.support.TestPropertySourceUtils - Adding inlined properties to environment: {spring.jmx.enabled=false, org.springframework.boot.test.context.SpringBootTestContextBootstrapper=true}

  .   ____          _            __ _ _
 /\\ / ___'_ __ _ _(_)_ __  __ _ \ \ \ \
( ( )\___ | '_ | '_| | '_ \/ _` | \ \ \ \
 \\/  ___)| |_)| | | | | || (_| |  ) ) ) )
  '  |____| .__|_| |_|_| |_\__, | / / / /
 =========|_|==============|___/=/_/_/_/
 :: Spring Boot ::                (v2.5.3)

2022-04-01 20:49:11.190  INFO 24524 --- [    Test worker] com.example.demo.EdheadsAppTests         : Starting EdheadsAppTests using Java 16.0.2 on Karins-MBP with PID 24524 (started by karinsamoviski in /Users/karinsamoviski/code/edheads-live)
2022-04-01 20:49:11.194  INFO 24524 --- [    Test worker] com.example.demo.EdheadsAppTests         : No active profile set, falling back to default profiles: default
2022-04-01 20:49:11.801  INFO 24524 --- [    Test worker] .s.d.r.c.RepositoryConfigurationDelegate : Bootstrapping Spring Data JPA repositories in DEFAULT mode.
2022-04-01 20:49:11.853  INFO 24524 --- [    Test worker] .s.d.r.c.RepositoryConfigurationDelegate : Finished Spring Data repository scanning in 45 ms. Found 5 JPA repository interfaces.
2022-04-01 20:49:12.349  INFO 24524 --- [    Test worker] o.hibernate.jpa.internal.util.LogHelper  : HHH000204: Processing PersistenceUnitInfo [name: default]
2022-04-01 20:49:12.387  INFO 24524 --- [    Test worker] org.hibernate.Version                    : HHH000412: Hibernate ORM core version 5.4.32.Final
2022-04-01 20:49:12.492  INFO 24524 --- [    Test worker] o.hibernate.annotations.common.Version   : HCANN000001: Hibernate Commons Annotations {5.1.2.Final}
2022-04-01 20:49:12.569  INFO 24524 --- [    Test worker] com.zaxxer.hikari.HikariDataSource       : HikariPool-1 - Starting...
2022-04-01 20:49:13.333  INFO 24524 --- [    Test worker] com.zaxxer.hikari.HikariDataSource       : HikariPool-1 - Start completed.
2022-04-01 20:49:13.346  INFO 24524 --- [    Test worker] org.hibernate.dialect.Dialect            : HHH000400: Using dialect: org.hibernate.dialect.MySQL5Dialect
2022-04-01 20:49:13.934  INFO 24524 --- [    Test worker] o.h.e.t.j.p.i.JtaPlatformInitiator       : HHH000490: Using JtaPlatform implementation: [org.hibernate.engine.transaction.jta.platform.internal.NoJtaPlatform]
2022-04-01 20:49:13.941  INFO 24524 --- [    Test worker] j.LocalContainerEntityManagerFactoryBean : Initialized JPA EntityManagerFactory for persistence unit 'default'
2022-04-01 20:49:14.349  WARN 24524 --- [    Test worker] JpaBaseConfiguration$JpaWebConfiguration : spring.jpa.open-in-view is enabled by default. Therefore, database queries may be performed during view rendering. Explicitly configure spring.jpa.open-in-view to disable this warning
2022-04-01 20:49:14.475  INFO 24524 --- [    Test worker] o.s.s.web.DefaultSecurityFilterChain     : Will secure Ant [pattern='/resources/**'] with []
2022-04-01 20:49:14.544  INFO 24524 --- [    Test worker] o.s.s.web.DefaultSecurityFilterChain     : Will secure any request with [org.springframework.security.web.context.request.async.WebAsyncManagerIntegrationFilter@5bddd141, org.springframework.security.web.context.SecurityContextPersistenceFilter@34ab398b, org.springframework.security.web.header.HeaderWriterFilter@2ad6aeb8, org.springframework.security.web.csrf.CsrfFilter@236f3885, org.springframework.security.web.authentication.logout.LogoutFilter@37d3e740, org.springframework.security.web.authentication.UsernamePasswordAuthenticationFilter@6f926d01, org.springframework.security.web.authentication.www.BasicAuthenticationFilter@1f02b6d1, org.springframework.security.web.savedrequest.RequestCacheAwareFilter@c79915a, org.springframework.security.web.servletapi.SecurityContextHolderAwareRequestFilter@23119bc3, org.springframework.security.web.authentication.AnonymousAuthenticationFilter@4d6027be, org.springframework.security.web.session.SessionManagementFilter@14d513ca, org.springframework.security.web.access.ExceptionTranslationFilter@25e24908, org.springframework.security.web.access.intercept.FilterSecurityInterceptor@377cbdae]
2022-04-01 20:49:15.161  INFO 24524 --- [    Test worker] com.example.demo.EdheadsAppTests         : Started EdheadsAppTests in 4.222 seconds (JVM running for 5.262)
]]></system-out>
  <system-err><![CDATA[]]></system-err>
</testsuite>
