<?xml version="1.0" encoding="UTF-8"?>
<testsuite name="com.example.demo.EdheadsAppTests" tests="1" skipped="0" failures="0" errors="0" timestamp="2022-11-20T14:02:40" hostname="Karins-MBP.lan" time="0.144">
  <properties/>
  <testcase name="contextLoads()" classname="com.example.demo.EdheadsAppTests" time="0.144"/>
  <system-out><![CDATA[09:02:24.840 [Test worker] DEBUG org.springframework.test.context.BootstrapUtils - Instantiating CacheAwareContextLoaderDelegate from class [org.springframework.test.context.cache.DefaultCacheAwareContextLoaderDelegate]
09:02:24.864 [Test worker] DEBUG org.springframework.test.context.BootstrapUtils - Instantiating BootstrapContext using constructor [public org.springframework.test.context.support.DefaultBootstrapContext(java.lang.Class,org.springframework.test.context.CacheAwareContextLoaderDelegate)]
09:02:24.896 [Test worker] DEBUG org.springframework.test.context.BootstrapUtils - Instantiating TestContextBootstrapper for test class [com.example.demo.EdheadsAppTests] from class [org.springframework.boot.test.context.SpringBootTestContextBootstrapper]
09:02:24.907 [Test worker] INFO org.springframework.boot.test.context.SpringBootTestContextBootstrapper - Neither @ContextConfiguration nor @ContextHierarchy found for test class [com.example.demo.EdheadsAppTests], using SpringBootContextLoader
09:02:24.910 [Test worker] DEBUG org.springframework.test.context.support.AbstractContextLoader - Did not detect default resource location for test class [com.example.demo.EdheadsAppTests]: class path resource [com/example/demo/EdheadsAppTests-context.xml] does not exist
09:02:24.911 [Test worker] DEBUG org.springframework.test.context.support.AbstractContextLoader - Did not detect default resource location for test class [com.example.demo.EdheadsAppTests]: class path resource [com/example/demo/EdheadsAppTestsContext.groovy] does not exist
09:02:24.911 [Test worker] INFO org.springframework.test.context.support.AbstractContextLoader - Could not detect default resource locations for test class [com.example.demo.EdheadsAppTests]: no resource found for suffixes {-context.xml, Context.groovy}.
09:02:24.912 [Test worker] INFO org.springframework.test.context.support.AnnotationConfigContextLoaderUtils - Could not detect default configuration classes for test class [com.example.demo.EdheadsAppTests]: EdheadsAppTests does not declare any static, non-private, non-final, nested classes annotated with @Configuration.
09:02:24.958 [Test worker] DEBUG org.springframework.test.context.support.ActiveProfilesUtils - Could not find an 'annotation declaring class' for annotation type [org.springframework.test.context.ActiveProfiles] and class [com.example.demo.EdheadsAppTests]
09:02:25.004 [Test worker] DEBUG org.springframework.context.annotation.ClassPathScanningCandidateComponentProvider - Identified candidate component class: file [/Users/karinsamoviski/code/edheads-live/build/classes/java/main/com/example/demo/EdheadsApp.class]
09:02:25.005 [Test worker] INFO org.springframework.boot.test.context.SpringBootTestContextBootstrapper - Found @SpringBootConfiguration com.example.demo.EdheadsApp for test class com.example.demo.EdheadsAppTests
09:02:25.079 [Test worker] DEBUG org.springframework.boot.test.context.SpringBootTestContextBootstrapper - @TestExecutionListeners is not present for class [com.example.demo.EdheadsAppTests]: using defaults.
09:02:25.080 [Test worker] INFO org.springframework.boot.test.context.SpringBootTestContextBootstrapper - Loaded default TestExecutionListener class names from location [META-INF/spring.factories]: [org.springframework.security.test.context.support.WithSecurityContextTestExecutionListener, org.springframework.security.test.context.support.ReactorContextTestExecutionListener, org.springframework.boot.test.autoconfigure.restdocs.RestDocsTestExecutionListener, org.springframework.boot.test.autoconfigure.web.client.MockRestServiceServerResetTestExecutionListener, org.springframework.boot.test.autoconfigure.web.servlet.MockMvcPrintOnlyOnFailureTestExecutionListener, org.springframework.boot.test.autoconfigure.web.servlet.WebDriverTestExecutionListener, org.springframework.boot.test.autoconfigure.webservices.client.MockWebServiceServerTestExecutionListener, org.springframework.boot.test.mock.mockito.MockitoTestExecutionListener, org.springframework.boot.test.mock.mockito.ResetMocksTestExecutionListener, org.springframework.test.context.web.ServletTestExecutionListener, org.springframework.test.context.support.DirtiesContextBeforeModesTestExecutionListener, org.springframework.test.context.event.ApplicationEventsTestExecutionListener, org.springframework.test.context.support.DependencyInjectionTestExecutionListener, org.springframework.test.context.support.DirtiesContextTestExecutionListener, org.springframework.test.context.transaction.TransactionalTestExecutionListener, org.springframework.test.context.jdbc.SqlScriptsTestExecutionListener, org.springframework.test.context.event.EventPublishingTestExecutionListener]
09:02:25.097 [Test worker] INFO org.springframework.boot.test.context.SpringBootTestContextBootstrapper - Using TestExecutionListeners: [org.springframework.test.context.web.ServletTestExecutionListener@1fdfafd2, org.springframework.test.context.support.DirtiesContextBeforeModesTestExecutionListener@a4b2d8f, org.springframework.test.context.event.ApplicationEventsTestExecutionListener@dcfda20, org.springframework.boot.test.mock.mockito.MockitoTestExecutionListener@6d304f9d, org.springframework.boot.test.autoconfigure.SpringBootDependencyInjectionTestExecutionListener@f73dcd6, org.springframework.test.context.support.DirtiesContextTestExecutionListener@5c87bfe2, org.springframework.test.context.transaction.TransactionalTestExecutionListener@2fea7088, org.springframework.test.context.jdbc.SqlScriptsTestExecutionListener@40499e4f, org.springframework.security.test.context.support.WithSecurityContextTestExecutionListener@51cd7ffc, org.springframework.test.context.event.EventPublishingTestExecutionListener@30d4b288, org.springframework.security.test.context.support.ReactorContextTestExecutionListener@4cc6fa2a, org.springframework.boot.test.autoconfigure.restdocs.RestDocsTestExecutionListener@40f1be1b, org.springframework.boot.test.autoconfigure.web.client.MockRestServiceServerResetTestExecutionListener@7a791b66, org.springframework.boot.test.autoconfigure.web.servlet.MockMvcPrintOnlyOnFailureTestExecutionListener@6f2cb653, org.springframework.boot.test.autoconfigure.web.servlet.WebDriverTestExecutionListener@14c01636, org.springframework.boot.test.autoconfigure.webservices.client.MockWebServiceServerTestExecutionListener@590c73d3, org.springframework.boot.test.mock.mockito.ResetMocksTestExecutionListener@6b9ce1bf]
09:02:25.100 [Test worker] DEBUG org.springframework.test.context.support.AbstractDirtiesContextTestExecutionListener - Before test class: context [DefaultTestContext@41925502 testClass = EdheadsAppTests, testInstance = [null], testMethod = [null], testException = [null], mergedContextConfiguration = [WebMergedContextConfiguration@13e3c1c7 testClass = EdheadsAppTests, locations = '{}', classes = '{class com.example.demo.EdheadsApp}', contextInitializerClasses = '[]', activeProfiles = '{}', propertySourceLocations = '{}', propertySourceProperties = '{org.springframework.boot.test.context.SpringBootTestContextBootstrapper=true}', contextCustomizers = set[org.springframework.boot.test.autoconfigure.actuate.metrics.MetricsExportContextCustomizerFactory$DisableMetricExportContextCustomizer@20ca951f, org.springframework.boot.test.autoconfigure.properties.PropertyMappingContextCustomizer@0, org.springframework.boot.test.autoconfigure.web.servlet.WebDriverContextCustomizerFactory$Customizer@181e731e, org.springframework.boot.test.context.filter.ExcludeFilterContextCustomizer@17d88132, org.springframework.boot.test.json.DuplicateJsonObjectContextCustomizerFactory$DuplicateJsonObjectContextCustomizer@5ef5c734, org.springframework.boot.test.mock.mockito.MockitoContextCustomizer@0, org.springframework.boot.test.web.client.TestRestTemplateContextCustomizer@327bcebd, org.springframework.boot.test.context.SpringBootTestArgs@1, org.springframework.boot.test.context.SpringBootTestWebEnvironment@ed7f8b4], resourceBasePath = 'src/main/webapp', contextLoader = 'org.springframework.boot.test.context.SpringBootContextLoader', parent = [null]], attributes = map['org.springframework.test.context.web.ServletTestExecutionListener.activateListener' -> true]], class annotated with @DirtiesContext [false] with mode [null].
09:02:25.125 [Test worker] DEBUG org.springframework.test.context.support.TestPropertySourceUtils - Adding inlined properties to environment: {spring.jmx.enabled=false, org.springframework.boot.test.context.SpringBootTestContextBootstrapper=true}

  .   ____          _            __ _ _
 /\\ / ___'_ __ _ _(_)_ __  __ _ \ \ \ \
( ( )\___ | '_ | '_| | '_ \/ _` | \ \ \ \
 \\/  ___)| |_)| | | | | || (_| |  ) ) ) )
  '  |____| .__|_| |_|_| |_\__, | / / / /
 =========|_|==============|___/=/_/_/_/
 :: Spring Boot ::                (v2.5.3)

2022-11-20 09:02:25.351  INFO 61716 --- [    Test worker] com.example.demo.EdheadsAppTests         : Starting EdheadsAppTests using Java 17.0.4.1 on Karins-MBP.lan with PID 61716 (started by karinsamoviski in /Users/karinsamoviski/code/edheads-live)
2022-11-20 09:02:25.353  INFO 61716 --- [    Test worker] com.example.demo.EdheadsAppTests         : No active profile set, falling back to default profiles: default
2022-11-20 09:02:25.892  INFO 61716 --- [    Test worker] .s.d.r.c.RepositoryConfigurationDelegate : Bootstrapping Spring Data JPA repositories in DEFAULT mode.
2022-11-20 09:02:25.956  INFO 61716 --- [    Test worker] .s.d.r.c.RepositoryConfigurationDelegate : Finished Spring Data repository scanning in 57 ms. Found 5 JPA repository interfaces.
2022-11-20 09:02:26.426  INFO 61716 --- [    Test worker] o.hibernate.jpa.internal.util.LogHelper  : HHH000204: Processing PersistenceUnitInfo [name: default]
2022-11-20 09:02:26.467  INFO 61716 --- [    Test worker] org.hibernate.Version                    : HHH000412: Hibernate ORM core version 5.4.32.Final
2022-11-20 09:02:26.579  INFO 61716 --- [    Test worker] o.hibernate.annotations.common.Version   : HCANN000001: Hibernate Commons Annotations {5.1.2.Final}
2022-11-20 09:02:26.666  INFO 61716 --- [    Test worker] com.zaxxer.hikari.HikariDataSource       : HikariPool-1 - Starting...
2022-11-20 09:02:38.019  INFO 61716 --- [    Test worker] com.zaxxer.hikari.HikariDataSource       : HikariPool-1 - Start completed.
2022-11-20 09:02:38.034  INFO 61716 --- [    Test worker] org.hibernate.dialect.Dialect            : HHH000400: Using dialect: org.hibernate.dialect.MySQL5Dialect
2022-11-20 09:02:38.776  INFO 61716 --- [    Test worker] o.h.e.t.j.p.i.JtaPlatformInitiator       : HHH000490: Using JtaPlatform implementation: [org.hibernate.engine.transaction.jta.platform.internal.NoJtaPlatform]
2022-11-20 09:02:38.784  INFO 61716 --- [    Test worker] j.LocalContainerEntityManagerFactoryBean : Initialized JPA EntityManagerFactory for persistence unit 'default'
2022-11-20 09:02:39.238  WARN 61716 --- [    Test worker] JpaBaseConfiguration$JpaWebConfiguration : spring.jpa.open-in-view is enabled by default. Therefore, database queries may be performed during view rendering. Explicitly configure spring.jpa.open-in-view to disable this warning
2022-11-20 09:02:39.381  INFO 61716 --- [    Test worker] o.s.s.web.DefaultSecurityFilterChain     : Will secure Ant [pattern='/resources/**'] with []
2022-11-20 09:02:39.476  INFO 61716 --- [    Test worker] o.s.s.web.DefaultSecurityFilterChain     : Will secure any request with [org.springframework.security.web.context.request.async.WebAsyncManagerIntegrationFilter@5c65fa69, org.springframework.security.web.context.SecurityContextPersistenceFilter@912a644, org.springframework.security.web.header.HeaderWriterFilter@3662c887, org.springframework.security.web.csrf.CsrfFilter@6b170692, org.springframework.security.web.authentication.logout.LogoutFilter@799206ad, org.springframework.security.web.authentication.UsernamePasswordAuthenticationFilter@245dbd09, org.springframework.security.web.authentication.www.BasicAuthenticationFilter@3b80bb63, org.springframework.security.web.savedrequest.RequestCacheAwareFilter@3bf41cd0, org.springframework.security.web.servletapi.SecurityContextHolderAwareRequestFilter@8ab231, org.springframework.security.web.authentication.AnonymousAuthenticationFilter@38d308e7, org.springframework.security.web.session.SessionManagementFilter@4603c412, org.springframework.security.web.access.ExceptionTranslationFilter@a08e41b, org.springframework.security.web.access.intercept.FilterSecurityInterceptor@1a45e29f]
2022-11-20 09:02:40.186  INFO 61716 --- [    Test worker] com.example.demo.EdheadsAppTests         : Started EdheadsAppTests in 15.053 seconds (JVM running for 16.081)
]]></system-out>
  <system-err><![CDATA[]]></system-err>
</testsuite>
